Started GET "/" for 127.0.0.1 at 2021-03-22 18:43:48 +0530
  [1m[35m (3.4ms)[0m  [1m[34mSELECT sqlite_version(*)[0m
Processing by Rails::WelcomeController#index as HTML
  Rendering /home/rita/.rvm/gems/ruby-2.7.0/gems/railties-6.1.3/lib/rails/templates/rails/welcome/index.html.erb
  Rendered /home/rita/.rvm/gems/ruby-2.7.0/gems/railties-6.1.3/lib/rails/templates/rails/welcome/index.html.erb (Duration: 34.8ms | Allocations: 445)
Completed 200 OK in 134ms (Views: 72.4ms | ActiveRecord: 0.0ms | Allocations: 3632)


Started GET "/sitemap" for 127.0.0.1 at 2021-03-22 18:43:56 +0530
  
SyntaxError (/home/rita/git/Web-Crawler/web-crawler/app/controllers/sitemap_controller.rb:14: syntax error, unexpected `end', expecting end-of-input):
  
app/controllers/sitemap_controller.rb:14: syntax error, unexpected `end', expecting end-of-input
app/controllers/sitemap_controller.rb:14: syntax error, unexpected `end', expecting end-of-input
app/controllers/sitemap_controller.rb:14: syntax error, unexpected `end', expecting end-of-input
Started GET "/sitemap" for 127.0.0.1 at 2021-03-22 18:45:58 +0530
Processing by SitemapController#index as HTML
Completed 500 Internal Server Error in 4ms (Allocations: 1299)


  
URI::InvalidURIError (bad URI(is not URI?): nil):
  
app/services/crawler.rb:22:in `initialize'
app/controllers/sitemap_controller.rb:4:in `new'
app/controllers/sitemap_controller.rb:4:in `index'
Started GET "/sitemap" for 127.0.0.1 at 2021-03-22 18:47:13 +0530
Processing by SitemapController#index as HTML
Completed 500 Internal Server Error in 1ms (Allocations: 931)


  
URI::InvalidURIError (bad URI(is not URI?): nil):
  
app/services/crawler.rb:22:in `initialize'
app/controllers/sitemap_controller.rb:4:in `new'
app/controllers/sitemap_controller.rb:4:in `index'
Started GET "/sitemap" for 127.0.0.1 at 2021-03-22 18:47:19 +0530
Processing by SitemapController#index as HTML
Completed 500 Internal Server Error in 1ms (Allocations: 785)


  
URI::InvalidURIError (bad URI(is not URI?): nil):
  
app/services/crawler.rb:22:in `initialize'
app/controllers/sitemap_controller.rb:4:in `new'
app/controllers/sitemap_controller.rb:4:in `index'
Started GET "/sitemap" for 127.0.0.1 at 2021-03-22 18:49:01 +0530
Processing by SitemapController#index as HTML
Completed 500 Internal Server Error in 4ms (Allocations: 1186)


  
URI::InvalidURIError (bad URI(is not URI?): nil):
  
app/services/crawler.rb:22:in `initialize'
app/controllers/sitemap_controller.rb:4:in `new'
app/controllers/sitemap_controller.rb:4:in `index'
Started GET "/sitemap" for 127.0.0.1 at 2021-03-22 19:06:27 +0530
Processing by SitemapController#index as HTML
Completed 500 Internal Server Error in 32474ms (Allocations: 29832)


  
URI::InvalidURIError (bad URI(is not URI?): nil):
  
app/services/crawler.rb:25:in `initialize'
app/controllers/sitemap_controller.rb:4:in `new'
app/controllers/sitemap_controller.rb:4:in `index'
Started GET "/sitemap" for 127.0.0.1 at 2021-03-22 19:10:13 +0530
Processing by SitemapController#index as HTML
Completed 500 Internal Server Error in 27094ms (Allocations: 11884)


  
URI::InvalidURIError (bad URI(is not URI?): nil):
  
app/services/crawler.rb:15:in `initialize'
app/controllers/sitemap_controller.rb:4:in `new'
app/controllers/sitemap_controller.rb:4:in `index'
Started GET "/sitemap" for 127.0.0.1 at 2021-03-22 19:11:35 +0530
Processing by SitemapController#index as HTML
Completed 500 Internal Server Error in 70121ms (Allocations: 13312)


  
URI::InvalidURIError (bad URI(is not URI?): nil):
  
app/services/crawler.rb:15:in `initialize'
app/controllers/sitemap_controller.rb:4:in `new'
app/controllers/sitemap_controller.rb:4:in `index'
Starting crawl of https://eyescience.com/
https://eyescience.com/
https://eyescience.com/#
https://eyescience.com/#content
https://eyescience.com/about/
https://eyescience.com/author/chuzles/
https://eyescience.com/cart/
https://eyescience.com/contact/
https://eyescience.com/doctors-lounge/
https://eyescience.com/my-account/
https://eyescience.com/products#eye-vitamins
https://eyescience.com/products/
https://eyescience.com/social-news/
Started GET "/sitemap" for 127.0.0.1 at 2021-03-22 19:18:18 +0530
  [1m[35m (19.2ms)[0m  [1m[34mSELECT sqlite_version(*)[0m
Processing by SitemapController#index as HTML
Starting crawl of https://eyescience.com/
https://eyescience.com/
https://eyescience.com/#
https://eyescience.com/#content
https://eyescience.com/about/
https://eyescience.com/author/chuzles/
https://eyescience.com/cart/
https://eyescience.com/contact/
https://eyescience.com/doctors-lounge/
https://eyescience.com/my-account/
https://eyescience.com/products#eye-vitamins
https://eyescience.com/products/
https://eyescience.com/social-news/
Completed 500 Internal Server Error in 17072ms (ActiveRecord: 0.0ms | Allocations: 35539)


  
ArgumentError (wrong number of arguments (given 2, expected 1)):
  
app/controllers/sitemap_controller.rb:8:in `block in index'
app/controllers/sitemap_controller.rb:7:in `index'
Started GET "/sitemap" for 127.0.0.1 at 2021-03-22 19:29:37 +0530
Processing by SitemapController#index as HTML
Starting crawl of https://eyescience.com/
https://eyescience.com/
https://eyescience.com/#
https://eyescience.com/#content
https://eyescience.com/about/
https://eyescience.com/author/chuzles/
https://eyescience.com/cart/
https://eyescience.com/contact/
https://eyescience.com/doctors-lounge/
https://eyescience.com/my-account/
https://eyescience.com/products#eye-vitamins
https://eyescience.com/products/
https://eyescience.com/social-news/
Completed 500 Internal Server Error in 16632ms (Allocations: 34316)


  
ArgumentError (wrong number of arguments (given 2, expected 1)):
  
app/controllers/sitemap_controller.rb:8:in `block in index'
app/controllers/sitemap_controller.rb:7:in `index'
Started GET "/sitemap" for 127.0.0.1 at 2021-03-22 19:30:55 +0530
Processing by SitemapController#index as HTML
Starting crawl of https://eyescience.com/
https://eyescience.com/
https://eyescience.com/#
https://eyescience.com/#content
https://eyescience.com/about/
https://eyescience.com/author/chuzles/
https://eyescience.com/cart/
https://eyescience.com/contact/
https://eyescience.com/doctors-lounge/
https://eyescience.com/my-account/
https://eyescience.com/products#eye-vitamins
https://eyescience.com/products/
https://eyescience.com/social-news/
Completed 406 Not Acceptable in 16192ms (Allocations: 34286)


  
ActionController::UnknownFormat (ActionController::UnknownFormat):
  
app/controllers/sitemap_controller.rb:7:in `index'
Started GET "/sitemap" for 127.0.0.1 at 2021-03-22 19:37:55 +0530
Processing by SitemapController#index as HTML
Starting crawl of https://eyescience.com/
https://eyescience.com/
https://eyescience.com/#
https://eyescience.com/#content
https://eyescience.com/about/
https://eyescience.com/author/chuzles/
https://eyescience.com/cart/
https://eyescience.com/contact/
https://eyescience.com/doctors-lounge/
https://eyescience.com/my-account/
https://eyescience.com/products#eye-vitamins
https://eyescience.com/products/
https://eyescience.com/social-news/
Started GET "/sitemap" for 127.0.0.1 at 2021-03-22 19:39:31 +0530
Completed 406 Not Acceptable in 98368ms (Allocations: 140025)


  
ActionController::UnknownFormat (ActionController::UnknownFormat):
  
app/controllers/sitemap_controller.rb:10:in `index'
Processing by SitemapController#index as HTML
Starting crawl of https://eyescience.com/
https://eyescience.com/
https://eyescience.com/#
https://eyescience.com/#content
Started GET "/sitemap" for 127.0.0.1 at 2021-03-22 19:39:42 +0530
Processing by SitemapController#index as HTML
Starting crawl of https://eyescience.com/
https://eyescience.com/
https://eyescience.com/about/
https://eyescience.com/#
https://eyescience.com/author/chuzles/
https://eyescience.com/cart/
https://eyescience.com/#content
https://eyescience.com/about/
https://eyescience.com/contact/
https://eyescience.com/author/chuzles/
https://eyescience.com/doctors-lounge/
https://eyescience.com/cart/
https://eyescience.com/my-account/
https://eyescience.com/contact/
https://eyescience.com/products#eye-vitamins
https://eyescience.com/doctors-lounge/
https://eyescience.com/my-account/
https://eyescience.com/products/
https://eyescience.com/social-news/
https://eyescience.com/products#eye-vitamins
Completed 406 Not Acceptable in 16253ms (Allocations: 60183)


  
ActionController::UnknownFormat (ActionController::UnknownFormat):
  
app/controllers/sitemap_controller.rb:8:in `index'
https://eyescience.com/products/
https://eyescience.com/social-news/
Completed 406 Not Acceptable in 16350ms (Allocations: 157700)


  
ActionController::UnknownFormat (ActionController::UnknownFormat):
  
app/controllers/sitemap_controller.rb:8:in `index'
Started GET "/sitemap" for 127.0.0.1 at 2021-03-22 19:42:03 +0530
Processing by SitemapController#index as HTML
Starting crawl of https://eyescience.com/
https://eyescience.com/
https://eyescience.com/#
https://eyescience.com/#content
https://eyescience.com/about/
https://eyescience.com/author/chuzles/
https://eyescience.com/cart/
https://eyescience.com/contact/
https://eyescience.com/doctors-lounge/
https://eyescience.com/my-account/
https://eyescience.com/products#eye-vitamins
https://eyescience.com/products/
https://eyescience.com/social-news/
Completed 200 OK in 16567ms (Views: 0.3ms | Allocations: 56275)


Started GET "/sitemap" for 127.0.0.1 at 2021-03-22 19:51:01 +0530
Processing by SitemapController#index as HTML
Starting crawl of https://eyescience.com/
https://eyescience.com/
Started GET "/" for 127.0.0.1 at 2021-03-22 19:52:23 +0530
Started GET "/sitemap" for 127.0.0.1 at 2021-03-22 19:56:41 +0530
  [1m[35m (1.7ms)[0m  [1m[34mSELECT sqlite_version(*)[0m
Processing by SitemapController#index as HTML
Starting crawl of https://eyescience.com/
https://eyescience.com/
https://eyescience.com/#
https://eyescience.com/#content
https://eyescience.com/about/
Started GET "/sitemap" for 127.0.0.1 at 2021-03-22 20:03:00 +0530
  [1m[35m (0.4ms)[0m  [1m[34mSELECT sqlite_version(*)[0m
Processing by SitemapController#index as HTML
Starting crawl of https://eyescience.com/
https://eyescience.com/
https://eyescience.com/#
https://eyescience.com/#content
https://eyescience.com/about/
https://eyescience.com/author/chuzles/
https://eyescience.com/cart/
https://eyescience.com/contact/
https://eyescience.com/doctors-lounge/
https://eyescience.com/my-account/
https://eyescience.com/products#eye-vitamins
https://eyescience.com/products/
https://eyescience.com/social-news/
Completed 200 OK in 16490ms (Views: 0.2ms | ActiveRecord: 0.0ms | Allocations: 58524)


Started GET "/sitemap" for 127.0.0.1 at 2021-03-22 20:07:40 +0530
Processing by SitemapController#index as HTML
Starting crawl of https://eyescience.com/
https://eyescience.com/
https://eyescience.com/#
https://eyescience.com/#content
https://eyescience.com/about/
https://eyescience.com/author/chuzles/
https://eyescience.com/cart/
https://eyescience.com/contact/
https://eyescience.com/doctors-lounge/
https://eyescience.com/my-account/
https://eyescience.com/products#eye-vitamins
https://eyescience.com/products/
https://eyescience.com/social-news/
Completed 200 OK in 15692ms (Views: 0.2ms | Allocations: 47021)


Started GET "/tasks" for 127.0.0.1 at 2021-03-23 11:42:08 +0530
  [1m[35m (0.6ms)[0m  [1m[34mSELECT sqlite_version(*)[0m
  
ActionController::RoutingError (No route matches [GET] "/tasks"):
  
Started GET "/sitemap" for 127.0.0.1 at 2021-03-23 11:42:15 +0530
Processing by SitemapController#index as HTML
Starting crawl of https://eyescience.com/
https://eyescience.com/
https://eyescience.com/#
https://eyescience.com/#content
https://eyescience.com/about/
https://eyescience.com/author/chuzles/
https://eyescience.com/cart/
https://eyescience.com/contact/
https://eyescience.com/doctors-lounge/
https://eyescience.com/my-account/
https://eyescience.com/products#eye-vitamins
https://eyescience.com/products/
https://eyescience.com/social-news/
Completed 200 OK in 17527ms (Views: 0.2ms | ActiveRecord: 0.0ms | Allocations: 47691)


Started GET "/sitemap" for 127.0.0.1 at 2021-03-23 11:42:59 +0530
  [1m[35m (0.7ms)[0m  [1m[34mSELECT sqlite_version(*)[0m
Processing by SitemapController#index as HTML
Starting crawl of https://eyescience.com/
https://eyescience.com/
https://eyescience.com/#
https://eyescience.com/#content
https://eyescience.com/about/
https://eyescience.com/author/chuzles/
https://eyescience.com/cart/
https://eyescience.com/contact/
https://eyescience.com/doctors-lounge/
https://eyescience.com/my-account/
https://eyescience.com/products#eye-vitamins
https://eyescience.com/products/
https://eyescience.com/social-news/
Completed 200 OK in 16648ms (Views: 0.1ms | ActiveRecord: 0.0ms | Allocations: 47748)


